#
# There is insufficient memory for the Java Runtime Environment to continue.
# Native memory allocation (mmap) failed to map 4161536 bytes for Failed to commit area from 0x000001c703f70000 to 0x000001c704368000 of length 4161536.
# Possible reasons:
#   The system is out of physical RAM or swap space
#   The process is running with CompressedOops enabled, and the Java Heap may be blocking the growth of the native heap
# Possible solutions:
#   Reduce memory load on the system
#   Increase physical memory or swap space
#   Check if swap backing store is full
#   Decrease Java heap size (-Xmx/-Xms)
#   Decrease number of Java threads
#   Decrease Java thread stack sizes (-Xss)
#   Set larger code cache with -XX:ReservedCodeCacheSize=
#   JVM is running with Zero Based Compressed Oops mode in which the Java heap is
#     placed in the first 32GB address space. The Java Heap base address is the
#     maximum limit for the native heap growth. Please use -XX:HeapBaseMinAddress
#     to set the Java Heap base and to place the Java Heap above 32GB virtual address.
# This output file may be truncated or incomplete.
#
#  Out of Memory Error (./open/src/hotspot/os/windows/os_windows.cpp:3315), pid=13832, tid=9536
#
# JRE version:  (14.0.1+7) (build )
# Java VM: Java HotSpot(TM) 64-Bit Server VM (14.0.1+7, mixed mode, sharing, tiered, compressed oops, g1 gc, windows-amd64)
# No core dump will be written. Minidumps are not enabled by default on client versions of Windows
#

---------------  S U M M A R Y ------------

Command Line: -Dfile.encoding=Cp1252 --module-path=D:\Documents\eclipse-workspace\SADI_Asm1\bin -Djdk.module.main=sADI_Asm1 sADI_Asm1/enrolmentSystem.App

Host: Intel(R) Core(TM) i5-9300H CPU @ 2.40GHz, 8 cores, 15G,  Windows 10 , 64 bit Build 18362 (10.0.18362.329)
Time: Mon Apr 12 05:11:57 2021 SE Asia Standard Time elapsed time: 0 seconds (0d 0h 0m 0s)

---------------  T H R E A D  ---------------

Current thread (0x000001c763e05000):  JavaThread "Unknown thread" [_thread_in_vm, id=9536, stack(0x000000b0d7f00000,0x000000b0d8000000)]

Stack: [0x000000b0d7f00000,0x000000b0d8000000]
Native frames: (J=compiled Java code, j=interpreted, Vv=VM code, C=native code)
V  [jvm.dll+0x5f840a]
V  [jvm.dll+0x741e4a]
V  [jvm.dll+0x7435ff]
V  [jvm.dll+0x743c43]
V  [jvm.dll+0x20d288]
V  [jvm.dll+0x5f57ba]
V  [jvm.dll+0x5ea615]
V  [jvm.dll+0x2c7e9c]
V  [jvm.dll+0x2c7cd2]
V  [jvm.dll+0x2cdbbc]
V  [jvm.dll+0x314021]
V  [jvm.dll+0x313720]
V  [jvm.dll+0x2a092a]
V  [jvm.dll+0x2a1a79]
V  [jvm.dll+0x71f718]
V  [jvm.dll+0x321c44]
V  [jvm.dll+0x700b0c]
V  [jvm.dll+0x392dff]
V  [jvm.dll+0x394e71]
C  [jli.dll+0x523b]
C  [ucrtbase.dll+0x20e72]
C  [KERNEL32.DLL+0x17bd4]
C  [ntdll.dll+0x6ced1]


---------------  P R O C E S S  ---------------

Threads class SMR info:
_java_thread_list=0x00007ffc11ab3078, length=0, elements={
}

Java Threads: ( => current thread )

Other Threads:
  0x000001c763e6e800 GCTaskThread "GC Thread#0" [stack: 0x000000b0d8000000,0x000000b0d8100000] [id=3272]
  0x000001c763e90800 ConcurrentGCThread "G1 Main Marker" [stack: 0x000000b0d8100000,0x000000b0d8200000] [id=3544]
  0x000001c763e91800 ConcurrentGCThread "G1 Conc#0" [stack: 0x000000b0d8200000,0x000000b0d8300000] [id=17544]

[error occurred during error reporting (printing all threads), id 0xc0000005, EXCEPTION_ACCESS_VIOLATION (0xc0000005) at pc=0x00007ffc112e1257]

VM state:not at safepoint (not fully initialized)

VM Mutex/Monitor currently owned by a thread:  ([mutex/lock_event])
[0x000001c763dcb310] Heap_lock - owner thread: 0x000001c763e05000

Heap address: 0x0000000702600000, size: 4058 MB, Compressed Oops mode: Zero based, Oop shift amount: 3
Narrow klass base: 0x0000000000000000, Narrow klass shift: 0

GC Heap History (0 events):
No events

Deoptimization events (0 events):
No events

Classes unloaded (0 events):
No events

Classes redefined (0 events):
No events

Internal exceptions (0 events):
No events

Events (2 events):
Event: 0.005 Loaded shared library C:\Program Files\Java\jdk-14.0.1\bin\java.dll
Event: 0.006 Loaded shared library C:\Program Files\Java\jdk-14.0.1\bin\zip.dll


Dynamic libraries:
0x00007ff67bb00000 - 0x00007ff67bb0f000 	C:\Program Files\Java\jdk-14.0.1\bin\javaw.exe
0x00007ffc8bf40000 - 0x00007ffc8c130000 	C:\Windows\SYSTEM32\ntdll.dll
0x00007ffc58fa0000 - 0x00007ffc58fb3000 	C:\Program Files\AVAST Software\Avast\aswhook.dll
0x00007ffc8add0000 - 0x00007ffc8ae82000 	C:\Windows\System32\KERNEL32.DLL
0x00007ffc89c40000 - 0x00007ffc89ee3000 	C:\Windows\System32\KERNELBASE.dll
0x00007ffc89ef0000 - 0x00007ffc89fea000 	C:\Windows\System32\ucrtbase.dll
0x00007ffc76bc0000 - 0x00007ffc76bd8000 	C:\Program Files\Java\jdk-14.0.1\bin\jli.dll
0x00007ffc77df0000 - 0x00007ffc77e05000 	C:\Program Files\Java\jdk-14.0.1\bin\VCRUNTIME140.dll
0x00007ffc8a4a0000 - 0x00007ffc8a543000 	C:\Windows\System32\ADVAPI32.dll
0x00007ffc8acd0000 - 0x00007ffc8ad6e000 	C:\Windows\System32\msvcrt.dll
0x00007ffc8ac30000 - 0x00007ffc8acc7000 	C:\Windows\System32\sechost.dll
0x00007ffc8af00000 - 0x00007ffc8b020000 	C:\Windows\System32\RPCRT4.dll
0x00007ffc8a550000 - 0x00007ffc8a6e4000 	C:\Windows\System32\USER32.dll
0x00007ffc89a10000 - 0x00007ffc89a31000 	C:\Windows\System32\win32u.dll
0x00007ffc74730000 - 0x00007ffc749b5000 	C:\Windows\WinSxS\amd64_microsoft.windows.common-controls_6595b64144ccf1df_6.0.18362.720_none_e6beb5c51314836b\COMCTL32.dll
0x00007ffc8be00000 - 0x00007ffc8be26000 	C:\Windows\System32\GDI32.dll
0x00007ffc8a160000 - 0x00007ffc8a496000 	C:\Windows\System32\combase.dll
0x00007ffc890c0000 - 0x00007ffc89254000 	C:\Windows\System32\gdi32full.dll
0x00007ffc88ef0000 - 0x00007ffc88f70000 	C:\Windows\System32\bcryptPrimitives.dll
0x00007ffc89020000 - 0x00007ffc890be000 	C:\Windows\System32\msvcp_win.dll
0x00007ffc82c70000 - 0x00007ffc82c7a000 	C:\Windows\SYSTEM32\VERSION.dll
0x00007ffc8b490000 - 0x00007ffc8b4be000 	C:\Windows\System32\IMM32.DLL
0x00007ffc6f170000 - 0x00007ffc6f20b000 	C:\Program Files\Java\jdk-14.0.1\bin\msvcp140.dll
0x00007ffc11030000 - 0x00007ffc11b4e000 	C:\Program Files\Java\jdk-14.0.1\bin\server\jvm.dll
0x00007ffc8a150000 - 0x00007ffc8a158000 	C:\Windows\System32\PSAPI.DLL
0x00007ffc86d70000 - 0x00007ffc86d94000 	C:\Windows\SYSTEM32\WINMM.dll
0x00007ffc75470000 - 0x00007ffc75479000 	C:\Windows\SYSTEM32\WSOCK32.dll
0x00007ffc8ae90000 - 0x00007ffc8aeff000 	C:\Windows\System32\WS2_32.dll
0x00007ffc868f0000 - 0x00007ffc8691d000 	C:\Windows\SYSTEM32\winmmbase.dll
0x00007ffc89bf0000 - 0x00007ffc89c3a000 	C:\Windows\System32\cfgmgr32.dll
0x00007ffc88e60000 - 0x00007ffc88e71000 	C:\Windows\System32\kernel.appcore.dll
0x00007ffc84110000 - 0x00007ffc8411a000 	C:\Program Files\Java\jdk-14.0.1\bin\jimage.dll
0x00007ffc81150000 - 0x00007ffc81344000 	C:\Windows\SYSTEM32\DBGHELP.DLL
0x00007ffc80c80000 - 0x00007ffc80caa000 	C:\Windows\SYSTEM32\dbgcore.DLL
0x00007ffc76270000 - 0x00007ffc76295000 	C:\Program Files\Java\jdk-14.0.1\bin\java.dll
0x00007ffc766f0000 - 0x00007ffc76706000 	C:\Program Files\Java\jdk-14.0.1\bin\zip.dll

dbghelp: loaded successfully - version: 4.0.5 - missing functions: none
symbol engine: initialized successfully - sym options: 0x614 - pdb path: .;C:\Program Files\Java\jdk-14.0.1\bin;C:\Windows\SYSTEM32;C:\Program Files\AVAST Software\Avast;C:\Windows\WinSxS\amd64_microsoft.windows.common-controls_6595b64144ccf1df_6.0.18362.720_none_e6beb5c51314836b;C:\Program Files\Java\jdk-14.0.1\bin\server

VM Arguments:
jvm_args: -Dfile.encoding=Cp1252 --module-path=D:\Documents\eclipse-workspace\SADI_Asm1\bin -Djdk.module.main=sADI_Asm1 
java_command: sADI_Asm1/enrolmentSystem.App
java_class_path (initial): <not set>
Launcher Type: SUN_STANDARD

[Global flags]
     intx CICompilerCount                          = 4                                         {product} {ergonomic}
     uint ConcGCThreads                            = 2                                         {product} {ergonomic}
     uint G1ConcRefinementThreads                  = 8                                         {product} {ergonomic}
   size_t G1HeapRegionSize                         = 1048576                                   {product} {ergonomic}
    uintx GCDrainStackTargetSize                   = 64                                        {product} {ergonomic}
   size_t InitialHeapSize                          = 266338304                                 {product} {ergonomic}
   size_t MarkStackSize                            = 4194304                                   {product} {ergonomic}
   size_t MaxHeapSize                              = 4255121408                                {product} {ergonomic}
   size_t MinHeapDeltaBytes                        = 1048576                                   {product} {ergonomic}
   size_t MinHeapSize                              = 8388608                                   {product} {ergonomic}
    uintx NonNMethodCodeHeapSize                   = 5839372                                {pd product} {ergonomic}
    uintx NonProfiledCodeHeapSize                  = 122909434                              {pd product} {ergonomic}
    uintx ProfiledCodeHeapSize                     = 122909434                              {pd product} {ergonomic}
    uintx ReservedCodeCacheSize                    = 251658240                              {pd product} {ergonomic}
     bool SegmentedCodeCache                       = true                                      {product} {ergonomic}
   size_t SoftMaxHeapSize                          = 4255121408                             {manageable} {ergonomic}
     bool UseCompressedClassPointers               = true                                 {lp64_product} {ergonomic}
     bool UseCompressedOops                        = true                                 {lp64_product} {ergonomic}
     bool UseG1GC                                  = true                                      {product} {ergonomic}
     bool UseLargePagesIndividualAllocation        = false                                  {pd product} {ergonomic}

Logging:
Log output configuration:
 #0: stdout all=warning uptime,level,tags
 #1: stderr all=off uptime,level,tags

Environment Variables:
PATH=C:/Program Files/Java/jdk-14.0.1/bin/server;C:/Program Files/Java/jdk-14.0.1/bin;C:\Program Files (x86)\Common Files\Intel\Shared Libraries\redist\intel64\compiler;C:\Program Files (x86)\Common Files\Oracle\Java\javapath;C:\Python38\Scripts\;C:\Python38\;C:\Windows\system32;C:\Windows;C:\Windows\System32\Wbem;C:\Windows\System32\WindowsPowerShell\v1.0\;C:\Windows\System32\OpenSSH\;C:\Program Files (x86)\NVIDIA Corporation\PhysX\Common;C:\Program Files\Intel\WiFi\bin\;C:\Program Files\Common Files\Intel\WirelessCommon\;C:\Program Files (x86)\Google\Cloud SDK\google-cloud-sdk\bin;C:\Program Files\PuTTY\;C:\Program Files\Docker\Docker\resources\bin;C:\ProgramData\DockerDesktop\version-bin;C:\Program Files\Amazon\AWSCLIV2\;C:\Program Files\Git\cmd;C:\Program Files\nodejs\;C:\ProgramData\chocolatey\bin;C:\Gradle\gradle-6.5.1\bin;;C:\Program Files\NVIDIA Corporation\NVIDIA NvDLISR;C:\Users\Admin\AppData\Local\Microsoft\WindowsApps;C:\Users\Admin\AppData\Local\Programs\Microsoft VS Code\bin;C:\Users\Admin\AppData\Roaming\npm;D:\Downloads\Programs\apache-maven-3.6.3\bin;C:\Program Files\heroku\bin;C:\Program Files\JetBrains\PyCharm Community Edition 2020.2.3\bin;;C:\Program Files\JetBrains\PyCharm 2020.2.3\bin;;C:\Windows\system32;
USERNAME=Admin
OS=Windows_NT
PROCESSOR_IDENTIFIER=Intel64 Family 6 Model 158 Stepping 10, GenuineIntel



---------------  S Y S T E M  ---------------

OS: Windows 10 , 64 bit Build 18362 (10.0.18362.329)
OS uptime: 0 days 17:17 hours
HyperV virtualization detected

CPU:total 8 (initial active 8) (4 cores per cpu, 2 threads per core) family 6 model 158 stepping 10, cmov, cx8, fxsr, mmx, sse, sse2, sse3, ssse3, sse4.1, sse4.2, popcnt, avx, avx2, aes, clmul, erms, 3dnowpref, lzcnt, ht, tsc, tscinvbit, bmi1, bmi2, adx, fma

Memory: 4k page, system-wide physical 16230M (8905M free)
TotalPageFile size 20326M (AvailPageFile size 6M)
current process WorkingSet (physical memory assigned to process): 10M, peak: 10M
current process commit charge ("private bytes"): 319M, peak: 323M

vm_info: Java HotSpot(TM) 64-Bit Server VM (14.0.1+7) for windows-amd64 JRE (14.0.1+7), built on Mar  5 2020 10:30:14 by "mach5one" with MS VC++ 15.9 (VS2017)

END.
